#
# A fatal error has been detected by the Java Runtime Environment:
#
#  EXCEPTION_ACCESS_VIOLATION (0xc0000005) at pc=0x53ff3dfb, pid=9936, tid=0x00001788
#
# JRE version: Java(TM) SE Runtime Environment (8.0_161-b12) (build 1.8.0_161-b12)
# Java VM: Java HotSpot(TM) Client VM (25.161-b12 mixed mode windows-x86 )
# Problematic frame:
# C  [jnivideoInputLib.dll+0x3dfb]
#
# Failed to write core dump. Minidumps are not enabled by default on client versions of Windows
#
# If you would like to submit a bug report, please visit:
#   http://bugreport.java.com/bugreport/crash.jsp
# The crash happened outside the Java Virtual Machine in native code.
# See problematic frame for where to report the bug.
#

---------------  T H R E A D  ---------------

Current thread (0x14905000):  JavaThread "Thread-3" [_thread_in_native, id=6024, stack(0x159e0000,0x15a30000)]

siginfo: ExceptionCode=0xc0000005, reading address 0x00000038

Registers:
EAX=0x00258f50, EBX=0x164e6670, ECX=0x00000000, EDX=0x001f9fd0
ESP=0x15a2f810, EBP=0x15a2f8a0, ESI=0x002d9370, EDI=0x002d95e8
EIP=0x53ff3dfb, EFLAGS=0x00010246

Top of Stack: (sp=0x15a2f810)
0x15a2f810:   00000000 002d9370 00000000 00000000
0x15a2f820:   758998cd 00450000 00000000 00000000
0x15a2f830:   5f0c7425 00000000 0045f480 164e6670
0x15a2f840:   00000001 0026b478 00000000 15a2f860
0x15a2f850:   15a2f830 15a2f8dc 15a2f8dc 758b8cd5
0x15a2f860:   3f2714ad fffffffe 758998da 61685cd2
0x15a2f870:   0045f480 0045f480 15a2f88c 61685d06
0x15a2f880:   00000001 002d9370 00000001 15a2f8e8 

Instructions: (pc=0x53ff3dfb)
0x53ff3ddb:   3d a0 67 02 54 00 0f 84 47 fe ff ff 68 f0 b5 01
0x53ff3deb:   54 e9 35 fe ff ff 8b 47 34 8b 48 44 89 4c 24 18
0x53ff3dfb:   8b 41 38 8b 51 34 89 44 24 0c 8a 47 54 89 54 24
0x53ff3e0b:   08 84 c0 0f 84 e0 01 00 00 80 3d a0 67 02 54 00 


Register to memory mapping:

EAX=0x00258f50 is an unknown value
EBX={method} {0x164e6674} 'setupDevice' '(IIII)Z' in 'org/bytedeco/javacpp/videoInputLib$videoInput'
ECX=0x00000000 is an unknown value
EDX=0x001f9fd0 is an unknown value
ESP=0x15a2f810 is pointing into the stack for thread: 0x14905000
EBP=0x15a2f8a0 is pointing into the stack for thread: 0x14905000
ESI=0x002d9370 is an unknown value
EDI=0x002d95e8 is an unknown value


Stack: [0x159e0000,0x15a30000],  sp=0x15a2f810,  free space=318k
Native frames: (J=compiled Java code, j=interpreted, Vv=VM code, C=native code)
C  [jnivideoInputLib.dll+0x3dfb]
C  [jnivideoInputLib.dll+0x32db]
j  org.bytedeco.javacpp.videoInputLib$videoInput.setupDevice(IIII)Z+0
j  org.bytedeco.javacv.VideoInputFrameGrabber.start(I)V+79
j  org.bytedeco.javacv.VideoInputFrameGrabber.start()V+2
j  OtherTest.FaceApplet.run()V+34
j  java.lang.Thread.run()V+11
v  ~StubRoutines::call_stub
V  [jvm.dll+0x15b6d5]
V  [jvm.dll+0x22229e]
V  [jvm.dll+0x15b76e]
V  [jvm.dll+0x15b8f6]
V  [jvm.dll+0x15b967]
V  [jvm.dll+0xff8af]
V  [jvm.dll+0x17e810]
V  [jvm.dll+0x17f08a]
V  [jvm.dll+0x1c3be6]
C  [msvcr100.dll+0x10fac]
C  [msvcr100.dll+0x110b1]
C  [kernel32.dll+0x4efac]
C  [ntdll.dll+0x63628]
C  [ntdll.dll+0x635fb]
C  0x00000000

Java frames: (J=compiled Java code, j=interpreted, Vv=VM code)
j  org.bytedeco.javacpp.videoInputLib$videoInput.setupDevice(IIII)Z+0
j  org.bytedeco.javacv.VideoInputFrameGrabber.start(I)V+79
j  org.bytedeco.javacv.VideoInputFrameGrabber.start()V+2
j  OtherTest.FaceApplet.run()V+34
j  java.lang.Thread.run()V+11
v  ~StubRoutines::call_stub

---------------  P R O C E S S  ---------------

Java Threads: ( => current thread )
  0x1491d400 JavaThread "JavaCPP Deallocator" daemon [_thread_blocked, id=9268, stack(0x15a60000,0x15ab0000)]
=>0x14905000 JavaThread "Thread-3" [_thread_in_native, id=6024, stack(0x159e0000,0x15a30000)]
  0x14900400 JavaThread "AWT-EventQueue-1" [_thread_blocked, id=1024, stack(0x14fa0000,0x14ff0000)]
  0x012eec00 JavaThread "DestroyJavaVM" [_thread_blocked, id=9620, stack(0x01350000,0x013a0000)]
  0x148c3c00 JavaThread "AWT-EventQueue-0" [_thread_blocked, id=7492, stack(0x03ba0000,0x03bf0000)]
  0x148bdc00 JavaThread "thread applet-OtherTest.FaceApplet.class" [_thread_blocked, id=9020, stack(0x15010000,0x15060000)]
  0x14856000 JavaThread "AWT-Windows" daemon [_thread_in_native, id=9024, stack(0x14c90000,0x14ce0000)]
  0x14848800 JavaThread "AWT-Shutdown" [_thread_blocked, id=5204, stack(0x14db0000,0x14e00000)]
  0x14845c00 JavaThread "Java2D Disposer" daemon [_thread_blocked, id=3760, stack(0x14d20000,0x14d70000)]
  0x142d4800 JavaThread "Service Thread" daemon [_thread_blocked, id=8204, stack(0x01af0000,0x01b40000)]
  0x142acc00 JavaThread "C1 CompilerThread0" daemon [_thread_blocked, id=9652, stack(0x141a0000,0x141f0000)]
  0x142ab800 JavaThread "Attach Listener" daemon [_thread_blocked, id=2064, stack(0x14460000,0x144b0000)]
  0x142a8800 JavaThread "Signal Dispatcher" daemon [_thread_blocked, id=656, stack(0x144e0000,0x14530000)]
  0x14289400 JavaThread "Finalizer" daemon [_thread_blocked, id=8688, stack(0x140f0000,0x14140000)]
  0x14264400 JavaThread "Reference Handler" daemon [_thread_blocked, id=9252, stack(0x01aa0000,0x01af0000)]

Other Threads:
  0x1425d800 VMThread [stack: 0x14060000,0x140b0000] [id=7052]
  0x142d5c00 WatcherThread [stack: 0x145d0000,0x14620000] [id=7504]

VM state:not at safepoint (normal execution)

VM Mutex/Monitor currently owned by a thread: None

Heap:
 def new generation   total 4928K, used 2646K [0x03c00000, 0x04150000, 0x09150000)
  eden space 4416K,  48% used [0x03c00000, 0x03e159b8, 0x04050000)
  from space 512K, 100% used [0x04050000, 0x040d0000, 0x040d0000)
  to   space 512K,   0% used [0x040d0000, 0x040d0000, 0x04150000)
 tenured generation   total 10944K, used 1418K [0x09150000, 0x09c00000, 0x13c00000)
   the space 10944K,  12% used [0x09150000, 0x092b2af0, 0x092b2c00, 0x09c00000)
 Metaspace       used 6076K, capacity 6274K, committed 6400K, reserved 6528K

Card table byte_map: [0x019b0000,0x01a40000] byte_map_base: 0x01992000

Polling page: 0x00180000

CodeCache: size=32768Kb used=1093Kb max_used=1093Kb free=31674Kb
 bounds [0x01b80000, 0x01c98000, 0x03b80000]
 total_blobs=500 nmethods=277 adapters=154
 compilation: enabled

Compilation events (10 events):
Event: 0.681 Thread 0x142acc00  272             java.security.Permission::<init> (10 bytes)
Event: 0.681 Thread 0x142acc00 nmethod 272 0x01c8fbc8 code [0x01c8fcc0, 0x01c8fd50]
Event: 0.682 Thread 0x142acc00  273             java.security.Permission::getName (5 bytes)
Event: 0.682 Thread 0x142acc00 nmethod 273 0x01c8fd88 code [0x01c8fe80, 0x01c8ff00]
Event: 0.682 Thread 0x142acc00  274  s          java.io.ExpiringCache::get (39 bytes)
Event: 0.682 Thread 0x142acc00 nmethod 274 0x01c8ff48 code [0x01c90060, 0x01c902b8]
Event: 0.682 Thread 0x142acc00  275             java.io.File::getPrefixLength (5 bytes)
Event: 0.682 Thread 0x142acc00 nmethod 275 0x01c903c8 code [0x01c904c0, 0x01c90540]
Event: 0.683 Thread 0x142acc00  277             java.lang.AbstractStringBuilder::append (144 bytes)
Event: 0.683 Thread 0x142acc00 nmethod 277 0x01c90848 code [0x01c90a10, 0x01c90f6c]

GC Heap History (4 events):
Event: 0.178 GC heap before
{Heap before GC invocations=0 (full 0):
 def new generation   total 4928K, used 4416K [0x03c00000, 0x04150000, 0x09150000)
  eden space 4416K, 100% used [0x03c00000, 0x04050000, 0x04050000)
  from space 512K,   0% used [0x04050000, 0x04050000, 0x040d0000)
  to   space 512K,   0% used [0x040d0000, 0x040d0000, 0x04150000)
 tenured generation   total 10944K, used 0K [0x09150000, 0x09c00000, 0x13c00000)
   the space 10944K,   0% used [0x09150000, 0x09150000, 0x09150200, 0x09c00000)
 Metaspace       used 3489K, capacity 3617K, committed 3648K, reserved 4480K
Event: 0.181 GC heap after
Heap after GC invocations=1 (full 0):
 def new generation   total 4928K, used 512K [0x03c00000, 0x04150000, 0x09150000)
  eden space 4416K,   0% used [0x03c00000, 0x03c00000, 0x04050000)
  from space 512K, 100% used [0x040d0000, 0x04150000, 0x04150000)
  to   space 512K,   0% used [0x04050000, 0x04050000, 0x040d0000)
 tenured generation   total 10944K, used 764K [0x09150000, 0x09c00000, 0x13c00000)
   the space 10944K,   6% used [0x09150000, 0x0920f168, 0x0920f200, 0x09c00000)
 Metaspace       used 3489K, capacity 3617K, committed 3648K, reserved 4480K
}
Event: 0.650 GC heap before
{Heap before GC invocations=1 (full 0):
 def new generation   total 4928K, used 4928K [0x03c00000, 0x04150000, 0x09150000)
  eden space 4416K, 100% used [0x03c00000, 0x04050000, 0x04050000)
  from space 512K, 100% used [0x040d0000, 0x04150000, 0x04150000)
  to   space 512K,   0% used [0x04050000, 0x04050000, 0x040d0000)
 tenured generation   total 10944K, used 764K [0x09150000, 0x09c00000, 0x13c00000)
   the space 10944K,   6% used [0x09150000, 0x0920f168, 0x0920f200, 0x09c00000)
 Metaspace       used 5967K, capacity 6146K, committed 6272K, reserved 6528K
Event: 0.653 GC heap after
Heap after GC invocations=2 (full 0):
 def new generation   total 4928K, used 512K [0x03c00000, 0x04150000, 0x09150000)
  eden space 4416K,   0% used [0x03c00000, 0x03c00000, 0x04050000)
  from space 512K, 100% used [0x04050000, 0x040d0000, 0x040d0000)
  to   space 512K,   0% used [0x040d0000, 0x040d0000, 0x04150000)
 tenured generation   total 10944K, used 1418K [0x09150000, 0x09c00000, 0x13c00000)
   the space 10944K,  12% used [0x09150000, 0x092b2af0, 0x092b2c00, 0x09c00000)
 Metaspace       used 5967K, capacity 6146K, committed 6272K, reserved 6528K
}

Deoptimization events (0 events):
No events

Classes redefined (0 events):
No events

Internal exceptions (10 events):
Event: 0.643 Thread 0x14905000 Exception <a 'java/lang/ClassNotFoundException': org/bytedeco/javacv/OpenKinect2> (0x03fff340) thrown at [C:\re\workspace\8-2-build-windows-i586-cygwin\jdk8u161\10277\hotspot\src\share\vm\classfile\systemDictionary.cpp, line 210]
Event: 0.644 Thread 0x14905000 Exception <a 'java/lang/NoClassDefFoundError': org/bytedeco/javacpp/freenect2> (0x04000988) thrown at [C:\re\workspace\8-2-build-windows-i586-cygwin\jdk8u161\10277\hotspot\src\share\vm\classfile\systemDictionary.cpp, line 208]
Event: 0.644 Thread 0x14905000 Exception <a 'java/lang/reflect/InvocationTargetException'> (0x040010a0) thrown at [C:\re\workspace\8-2-build-windows-i586-cygwin\jdk8u161\10277\hotspot\src\share\vm\runtime\reflection.cpp, line 1092]
Event: 0.644 Thread 0x14905000 Exception <a 'java/lang/ClassNotFoundException': org/bytedeco/javacv/RealSense> (0x04001428) thrown at [C:\re\workspace\8-2-build-windows-i586-cygwin\jdk8u161\10277\hotspot\src\share\vm\classfile\systemDictionary.cpp, line 210]
Event: 0.644 Thread 0x14905000 Exception <a 'java/lang/NoClassDefFoundError': org/bytedeco/javacpp/RealSense$device> (0x04002a40) thrown at [C:\re\workspace\8-2-build-windows-i586-cygwin\jdk8u161\10277\hotspot\src\share\vm\classfile\systemDictionary.cpp, line 208]
Event: 0.644 Thread 0x14905000 Exception <a 'java/lang/ClassNotFoundException': org/bytedeco/javacv/PS3Eye> (0x04002db8) thrown at [C:\re\workspace\8-2-build-windows-i586-cygwin\jdk8u161\10277\hotspot\src\share\vm\classfile\systemDictionary.cpp, line 210]
Event: 0.645 Thread 0x14905000 Exception <a 'java/lang/UnsatisfiedLinkError': cl.eye.CLCamera.CLEyeGetCameraCount()I> (0x040060d0) thrown at [C:\re\workspace\8-2-build-windows-i586-cygwin\jdk8u161\10277\hotspot\src\share\vm\prims\nativeLookup.cpp, line 378]
Event: 0.645 Thread 0x14905000 Exception <a 'java/lang/reflect/InvocationTargetException'> (0x040062d0) thrown at [C:\re\workspace\8-2-build-windows-i586-cygwin\jdk8u161\10277\hotspot\src\share\vm\runtime\reflection.cpp, line 1092]
Event: 0.646 Thread 0x14905000 Exception <a 'java/lang/ClassNotFoundException': org/bytedeco/javacv/VideoInput> (0x04006708) thrown at [C:\re\workspace\8-2-build-windows-i586-cygwin\jdk8u161\10277\hotspot\src\share\vm\classfile\systemDictionary.cpp, line 210]
Event: 0.657 Thread 0x14905000 Exception <a 'java/io/IOException'> (0x03c5a028) thrown at [C:\re\workspace\8-2-build-windows-i586-cygwin\jdk8u161\10277\hotspot\src\share\vm\prims\jni.cpp, line 709]

Events (10 events):
Event: 0.692 loading class java/util/concurrent/BlockingQueue done
Event: 0.692 loading class java/util/AbstractQueue
Event: 0.692 loading class java/util/AbstractQueue done
Event: 0.692 loading class java/util/concurrent/LinkedBlockingQueue done
Event: 0.692 loading class java/util/concurrent/LinkedBlockingQueue$Node
Event: 0.692 loading class java/util/concurrent/LinkedBlockingQueue$Node done
Event: 0.692 loading class java/util/concurrent/Executors$DefaultThreadFactory
Event: 0.692 loading class java/util/concurrent/ThreadFactory
Event: 0.692 loading class java/util/concurrent/ThreadFactory done
Event: 0.692 loading class java/util/concurrent/Executors$DefaultThreadFactory done


Dynamic libraries:
0x013d0000 - 0x01403000 	C:\Program Files\Java\jre1.8.0_161\bin\javaw.exe
0x77550000 - 0x77692000 	C:\Windows\SYSTEM32\ntdll.dll
0x75ff0000 - 0x760c5000 	C:\Windows\system32\kernel32.dll
0x756a0000 - 0x756eb000 	C:\Windows\system32\KERNELBASE.dll
0x75f40000 - 0x75fe1000 	C:\Windows\system32\ADVAPI32.dll
0x75890000 - 0x7593c000 	C:\Windows\system32\msvcrt.dll
0x766f0000 - 0x76709000 	C:\Windows\SYSTEM32\sechost.dll
0x757e0000 - 0x75882000 	C:\Windows\system32\RPCRT4.dll
0x776d0000 - 0x77799000 	C:\Windows\system32\USER32.dll
0x75790000 - 0x757de000 	C:\Windows\system32\GDI32.dll
0x776c0000 - 0x776ca000 	C:\Windows\system32\LPK.dll
0x76390000 - 0x7642d000 	C:\Windows\system32\USP10.dll
0x74380000 - 0x7451e000 	C:\Windows\WinSxS\x86_microsoft.windows.common-controls_6595b64144ccf1df_6.0.7601.18837_none_41e855142bd5705d\COMCTL32.dll
0x76630000 - 0x76687000 	C:\Windows\system32\SHLWAPI.dll
0x776a0000 - 0x776bf000 	C:\Windows\system32\IMM32.DLL
0x77430000 - 0x774fd000 	C:\Windows\system32\MSCTF.dll
0x60aa0000 - 0x60b5d000 	C:\Program Files\Java\jre1.8.0_161\bin\msvcr100.dll
0x6c7e0000 - 0x6cbb0000 	C:\Program Files\Java\jre1.8.0_161\bin\client\jvm.dll
0x6d330000 - 0x6d337000 	C:\Windows\system32\WSOCK32.dll
0x773f0000 - 0x77425000 	C:\Windows\system32\WS2_32.dll
0x76620000 - 0x76626000 	C:\Windows\system32\NSI.dll
0x700a0000 - 0x700d2000 	C:\Windows\system32\WINMM.dll
0x748f0000 - 0x748f9000 	C:\Windows\system32\VERSION.dll
0x75dd0000 - 0x75dd5000 	C:\Windows\system32\PSAPI.DLL
0x6b980000 - 0x6b98c000 	C:\Program Files\Java\jre1.8.0_161\bin\verify.dll
0x6b900000 - 0x6b922000 	C:\Program Files\Java\jre1.8.0_161\bin\java.dll
0x6b940000 - 0x6b954000 	C:\Program Files\Java\jre1.8.0_161\bin\zip.dll
0x767a0000 - 0x773ec000 	C:\Windows\system32\SHELL32.dll
0x75de0000 - 0x75f3d000 	C:\Windows\system32\ole32.dll
0x75470000 - 0x7547b000 	C:\Windows\system32\profapi.dll
0x60200000 - 0x60345000 	C:\Program Files\Java\jre1.8.0_161\bin\awt.dll
0x76430000 - 0x764c1000 	C:\Windows\system32\OLEAUT32.dll
0x73cf0000 - 0x73d03000 	C:\Windows\system32\DWMAPI.DLL
0x54e60000 - 0x54f28000 	C:\Windows\system32\opengl32.dll
0x55e70000 - 0x55e92000 	C:\Windows\system32\GLU32.dll
0x54d70000 - 0x54e57000 	C:\Windows\system32\DDRAW.dll
0x56010000 - 0x56016000 	C:\Windows\system32\DCIMAN32.dll
0x75940000 - 0x75add000 	C:\Windows\system32\SETUPAPI.dll
0x75480000 - 0x754a7000 	C:\Windows\system32\CFGMGR32.dll
0x75510000 - 0x75522000 	C:\Windows\system32\DEVOBJ.dll
0x73ff0000 - 0x74030000 	C:\Windows\system32\uxtheme.dll
0x75380000 - 0x7538c000 	C:\Windows\system32\CRYPTBASE.dll
0x6b8b0000 - 0x6b8e9000 	C:\Program Files\Java\jre1.8.0_161\bin\fontmanager.dll
0x624e0000 - 0x624f5000 	C:\Program Files\Java\jre1.8.0_161\bin\net.dll
0x74e40000 - 0x74e7c000 	C:\Windows\system32\mswsock.dll
0x75010000 - 0x75016000 	C:\Windows\System32\wship6.dll
0x6fa70000 - 0x6fa7f000 	C:\Program Files\Java\jre1.8.0_161\bin\nio.dll
0x61f10000 - 0x61f42000 	C:\Program Files\Java\jre1.8.0_161\bin\t2k.dll
0x16a10000 - 0x17857000 	C:\Program Files\Point Grey Research\FlyCapture2\bin\FlyCapture2.dll
0x742d0000 - 0x742f5000 	C:\Windows\system32\POWRPROF.dll
0x013a0000 - 0x013a7000 	C:\Windows\system32\PtGreyVideoEncoder.dll
0x17860000 - 0x1972b000 	C:\Windows\system32\avcodec-57.dll
0x60730000 - 0x607df000 	C:\Windows\system32\avutil-55.dll
0x575c0000 - 0x57644000 	C:\Program Files\Point Grey Research\FlyCapture2\bin\swresample-2.dll
0x19730000 - 0x19dcc000 	C:\Program Files\Point Grey Research\FlyCapture2\bin\avformat-57.dll
0x75560000 - 0x75682000 	C:\Windows\system32\CRYPT32.dll
0x75460000 - 0x7546c000 	C:\Windows\system32\MSASN1.dll
0x55cf0000 - 0x55d7f000 	C:\Program Files\Point Grey Research\FlyCapture2\bin\swscale-4.dll
0x6f9c0000 - 0x6fa5b000 	C:\Windows\WinSxS\x86_microsoft.vc80.crt_1fc8b3b9a1e18e3b_8.0.50727.6229_none_d089f796442de10e\MSVCR80.dll
0x19dd0000 - 0x19e9c000 	C:\Program Files\Point Grey Research\FlyCapture2\bin\libiomp5md.dll
0x59710000 - 0x59797000 	C:\Windows\WinSxS\x86_microsoft.vc80.crt_1fc8b3b9a1e18e3b_8.0.50727.6229_none_d089f796442de10e\MSVCP80.dll
0x736c0000 - 0x736dc000 	C:\Windows\system32\iphlpapi.dll
0x73690000 - 0x73697000 	C:\Windows\system32\WINNSI.DLL
0x74e80000 - 0x74e97000 	C:\Windows\system32\CRYPTSP.dll
0x74bf0000 - 0x74c2b000 	C:\Windows\system32\rsaenh.dll
0x03b80000 - 0x03b99000 	C:\Program Files\Point Grey Research\FlyCapture2\bin\MultiSyncLibrary.dll
0x604a0000 - 0x6052f000 	C:\Users\user\.javacpp\cache\flycapture-windows-x86.jar\org\bytedeco\javacpp\windows-x86\jniFlyCapture2.dll
0x54030000 - 0x5409c000 	C:\Program Files\Java\jre1.8.0_161\bin\MSVCP140.dll
0x62490000 - 0x624a4000 	C:\Program Files\Java\jre1.8.0_161\bin\VCRUNTIME140.dll
0x6b930000 - 0x6b934000 	C:\Program Files\Java\jre1.8.0_161\bin\api-ms-win-crt-runtime-l1-1-0.dll
0x1a0a0000 - 0x1a1b8000 	C:\Program Files\Java\jre1.8.0_161\bin\ucrtbase.DLL
0x624d0000 - 0x624d3000 	C:\Program Files\Java\jre1.8.0_161\bin\api-ms-win-core-timezone-l1-1-0.dll
0x62480000 - 0x62483000 	C:\Program Files\Java\jre1.8.0_161\bin\api-ms-win-core-file-l2-1-0.dll
0x61f00000 - 0x61f03000 	C:\Program Files\Java\jre1.8.0_161\bin\api-ms-win-core-localization-l1-2-0.dll
0x61e50000 - 0x61e53000 	C:\Program Files\Java\jre1.8.0_161\bin\api-ms-win-core-synch-l1-2-0.dll
0x61e40000 - 0x61e43000 	C:\Program Files\Java\jre1.8.0_161\bin\api-ms-win-core-processthreads-l1-1-1.dll
0x61da0000 - 0x61da3000 	C:\Program Files\Java\jre1.8.0_161\bin\api-ms-win-core-file-l1-2-0.dll
0x60720000 - 0x60724000 	C:\Program Files\Java\jre1.8.0_161\bin\api-ms-win-crt-string-l1-1-0.dll
0x56340000 - 0x56343000 	C:\Program Files\Java\jre1.8.0_161\bin\api-ms-win-crt-heap-l1-1-0.dll
0x56330000 - 0x56334000 	C:\Program Files\Java\jre1.8.0_161\bin\api-ms-win-crt-stdio-l1-1-0.dll
0x561f0000 - 0x561f4000 	C:\Program Files\Java\jre1.8.0_161\bin\api-ms-win-crt-convert-l1-1-0.dll
0x561c0000 - 0x561c3000 	C:\Program Files\Java\jre1.8.0_161\bin\api-ms-win-crt-locale-l1-1-0.dll
0x54720000 - 0x54725000 	C:\Program Files\Java\jre1.8.0_161\bin\api-ms-win-crt-math-l1-1-0.dll
0x54710000 - 0x54715000 	C:\Program Files\Java\jre1.8.0_161\bin\api-ms-win-crt-multibyte-l1-1-0.dll
0x54700000 - 0x54703000 	C:\Program Files\Java\jre1.8.0_161\bin\api-ms-win-crt-time-l1-1-0.dll
0x546f0000 - 0x546f3000 	C:\Program Files\Java\jre1.8.0_161\bin\api-ms-win-crt-filesystem-l1-1-0.dll
0x54450000 - 0x54453000 	C:\Program Files\Java\jre1.8.0_161\bin\api-ms-win-crt-environment-l1-1-0.dll
0x54440000 - 0x54443000 	C:\Program Files\Java\jre1.8.0_161\bin\api-ms-win-crt-utility-l1-1-0.dll
0x73920000 - 0x73930000 	C:\Windows\system32\NLAapi.dll
0x68c60000 - 0x68c70000 	C:\Windows\system32\napinsp.dll
0x75530000 - 0x7555f000 	C:\Windows\system32\WINTRUST.dll
0x68c40000 - 0x68c52000 	C:\Windows\system32\pnrpnsp.dll
0x74d80000 - 0x74dc4000 	C:\Windows\system32\DNSAPI.dll
0x68c30000 - 0x68c38000 	C:\Windows\System32\winrnr.dll
0x734e0000 - 0x73518000 	C:\Windows\System32\fwpuclnt.dll
0x716d0000 - 0x716d6000 	C:\Windows\system32\rasadhlp.dll
0x74980000 - 0x74985000 	C:\Windows\System32\wshtcpip.dll
0x735b0000 - 0x735c2000 	C:\Windows\system32\dhcpcsvc.DLL
0x53ff0000 - 0x5402d000 	C:\Users\user\.javacpp\cache\videoinput-windows-x86.jar\org\bytedeco\javacpp\windows-x86\jnivideoInputLib.dll
0x76710000 - 0x76793000 	C:\Windows\system32\CLBCatQ.DLL
0x61680000 - 0x61694000 	C:\Windows\system32\devenum.dll
0x73c90000 - 0x73cb1000 	C:\Windows\system32\ntmarta.dll
0x77500000 - 0x77545000 	C:\Windows\system32\WLDAP32.dll
0x61630000 - 0x6163b000 	C:\Windows\system32\msdmo.dll
0x53fb0000 - 0x53fe2000 	C:\Windows\system32\qcap.dll
0x562c0000 - 0x562e1000 	C:\Windows\system32\MSVFW32.dll
0x1a940000 - 0x1aab7000 	C:\Windows\system32\quartz.dll
0x1aac0000 - 0x1aee8000 	C:\Program Files\Point Grey Research\FlyCapture2\bin\pgrdirectshowsource.ax
0x141f0000 - 0x141fe000 	C:\Program Files\Point Grey Research\FlyCapture2\bin\FlyCapture2GUI.dll
0x6fbb0000 - 0x6fbfa000 	C:\Windows\SYSTEM32\MSCOREE.DLL
0x59690000 - 0x5970d000 	C:\Windows\WinSxS\x86_microsoft.vc80.crt_1fc8b3b9a1e18e3b_8.0.50727.6229_none_d089f796442de10e\msvcm80.dll
0x6fb30000 - 0x6fbad000 	C:\Windows\Microsoft.NET\Framework\v4.0.30319\mscoreei.dll
0x71ab0000 - 0x71b9b000 	C:\Windows\system32\dbghelp.dll

VM Arguments:
jvm_args: -Djava.library.path=D:\JUANJavasourcelibraryCV\opencv3\build\java\x86 -Djava.security.policy=java.policy.applet -Dfile.encoding=UTF-8 -Xbootclasspath/a:D:\JUANJavasourcelibraryCV\javacv-platform-1.4-bin\javacv-bin\artoolkitplus-windows-x86.jar;D:\JUANJavasourcelibraryCV\javacv-platform-1.4-bin\javacv-bin\ffmpeg.jar;D:\JUANJavasourcelibraryCV\javacv-platform-1.4-bin\javacv-bin\ffmpeg-windows-x86.jar;D:\JUANJavasourcelibraryCV\javacv-platform-1.4-bin\javacv-bin\flandmark.jar;D:\JUANJavasourcelibraryCV\javacv-platform-1.4-bin\javacv-bin\flandmark-windows-x86.jar;D:\JUANJavasourcelibraryCV\javacv-platform-1.4-bin\javacv-bin\flycapture.jar;D:\JUANJavasourcelibraryCV\javacv-platform-1.4-bin\javacv-bin\flycapture-platform.jar;D:\JUANJavasourcelibraryCV\javacv-platform-1.4-bin\javacv-bin\flycapture-windows-x86.jar;D:\JUANJavasourcelibraryCV\javacv-platform-1.4-bin\javacv-bin\javacpp.jar;D:\JUANJavasourcelibraryCV\javacv-platform-1.4-bin\javacv-bin\javacv.jar;D:\JUANJavasourcelibraryCV\javacv-platform-1.4-bin\javacv-bin\opencv.jar;D:\JUANJavasourcelibraryCV\javacv-platform-1.4-bin\javacv-bin\opencv-windows-x86.jar;D:\JUANJavasourcelibraryCV\javacv-platform-1.4-bin\javacv-bin\videoinput.jar;D:\JUANJavasourcelibraryCV\javacv-platform-1.4-bin\javacv-bin\videoinput-platform.jar;D:\JUANJavasourcelibraryCV\javacv-platform-1.4-bin\javacv-bin\videoinput-windows-x86.jar 
java_command: sun.applet.AppletViewer OtherTest.FaceApplet1521788593999.html
java_class_path (initial): C:\Program Files\Java\jre1.8.0_161\lib\resources.jar;C:\Program Files\Java\jre1.8.0_161\lib\rt.jar;C:\Program Files\Java\jre1.8.0_161\lib\jsse.jar;C:\Program Files\Java\jre1.8.0_161\lib\jce.jar;C:\Program Files\Java\jre1.8.0_161\lib\charsets.jar;C:\Program Files\Java\jre1.8.0_161\lib\jfr.jar;C:\Program Files\Java\jre1.8.0_161\lib\ext\access-bridge.jar;C:\Program Files\Java\jre1.8.0_161\lib\ext\cldrdata.jar;C:\Program Files\Java\jre1.8.0_161\lib\ext\dnsns.jar;C:\Program Files\Java\jre1.8.0_161\lib\ext\jaccess.jar;C:\Program Files\Java\jre1.8.0_161\lib\ext\jfxrt.jar;C:\Program Files\Java\jre1.8.0_161\lib\ext\localedata.jar;C:\Program Files\Java\jre1.8.0_161\lib\ext\nashorn.jar;C:\Program Files\Java\jre1.8.0_161\lib\ext\sunec.jar;C:\Program Files\Java\jre1.8.0_161\lib\ext\sunjce_provider.jar;C:\Program Files\Java\jre1.8.0_161\lib\ext\sunmscapi.jar;C:\Program Files\Java\jre1.8.0_161\lib\ext\sunpkcs11.jar;C:\Program Files\Java\jre1.8.0_161\lib\ext\zipfs.jar;D:\JUANJavasourcelibraryCV\javacv-platform-1.4-bin\javacv-bin\artoolkitplus-windows-x86.jar;D:\JUANJavasourcelibraryCV\javacv-platform-1.4-bin\javacv-bin\ffmpeg.jar;D:\JUANJavasourcelibraryCV\javacv-platform-1.4-bin\javacv-bin\ffmpeg-windows-x86.jar;D:\JUANJavasourcelibraryCV\javacv-platform-1.4-bin\javacv-bin\flandmark.jar;D:\JUANJavasourcelibraryCV\javacv-platform-1.4-bin\javacv-bin\flandmark-windows-x86.jar;D:\JUANJavasourcelibraryCV\javacv-platform-1.4-bin\javacv-bin\flycapture.jar;D:\JUANJavasourcelibraryCV\javacv-platform-1.4-bin\javacv-bin\flycapture-platform.jar;D:\JUANJavasourcelibraryCV\javacv-platform-1.4-bin\javacv-bin\flycapture-windows-x86.jar;D:\JUANJavasourcelibraryCV\javacv-platform-1.4-bin\javacv-bin\javacpp.jar;D:\JUANJavasourcelibraryCV\javacv-platform-1.4-bin\javacv-bin\javacv.jar;D:\JUANJavasourcelibraryCV\javacv-platform-1.4-bin\javacv-bin\opencv.jar;D:\JUANJavasourcelibraryCV\javacv-platform-1.4-bin\javacv-bin\opencv-windows-x86.jar;D:\JUANJavasourcelibraryCV\javacv
Launcher Type: SUN_STANDARD

Environment Variables:
JAVA_HOME=C:\Program Files\Java\jdk1.8.0_144
CLASSPATH=.;C:\Program Files\Java\jdk1.8.0_144\lib\dt.jar;C:\Program Files\Java\jdk1.8.0_144\lib\tools.jar
PATH=C:/Program Files/Java/jdk1.8.0_144/bin/../jre/bin/client;C:/Program Files/Java/jdk1.8.0_144/bin/../jre/bin;C:/Program Files/Java/jdk1.8.0_144/bin/../jre/lib/i386;C:\Program Files\Borland\CBuilder6\Bin;C:\Program Files\Java\jdk1.8.0_144\bin;C:\Program Files\Java\jdk1.8.0_144\jre\bin;C:\Program Files\Borland\CBuilder6\Projects\Bpl;C:\MinGW\bin;C:\Program Files\Point Grey Research\FlyCapture2\bin;C:\Program Files\Point Grey Research\FlyCapture2\bin\vs2013;C:\Program Files\Point Grey Research\FlyCapture2\bin\vs2015;C:\Program Files\Point Grey Research\PGR FlyCapture\bin;D:\Users\user\Downloads\EclipsePortable32;
USERNAME=user
OS=Windows_NT
PROCESSOR_IDENTIFIER=x86 Family 6 Model 60 Stepping 3, GenuineIntel



---------------  S Y S T E M  ---------------

OS: Windows 7 Build 7601 (6.1.7601.24000)

CPU:total 4 (initial active 4) (4 cores per cpu, 1 threads per core) family 6 model 60 stepping 3, cmov, cx8, fxsr, mmx, sse, sse2, sse3, ssse3, sse4.1, sse4.2, popcnt, avx, avx2, aes, clmul, erms, lzcnt, tsc, tscinvbit, bmi1, bmi2

Memory: 4k page, physical 3558012k(388612k free), swap 7750616k(1036724k free)

vm_info: Java HotSpot(TM) Client VM (25.161-b12) for windows-x86 JRE (1.8.0_161-b12), built on Dec 19 2017 17:09:29 by "java_re" with MS VC++ 10.0 (VS2010)

time: Fri Mar 23 15:03:15 2018
elapsed time: 0 seconds (0d 0h 0m 0s)

